<?xml version="1.0" encoding="UTF-8"?>
<testsuite name="Tests" tests="1" skipped="0" failures="0" errors="0" timestamp="2020-11-12T02:52:04" hostname="LAPTOP-KFI6GGQT" time="0.138">
  <properties/>
  <testcase name="start" classname="Tests" time="0.138"/>
  <system-out><![CDATA[?[1;31m
Start test 1?[0m
Hello! My name is Aid.
I was created in 2018.
Please, remind me your name.
> Marry
What a great name you have, Marry!
Let me guess your age.
Enter remainders of dividing your age by 3, 5 and 7.
> 1
> 0
> 5
Your age is 40; that's a good time to start programming!
Now I will prove to you that I can count to any number you want.
> 10
0!
1!
2!
3!
4!
5!
6!
7!
8!
9!
10!
Let's test your programming knowledge.
Which rule is not true about identifiers?
1. An identifier can't include Unicode letters.
2. An identifier can't start with a digit.
3. An identifier must not be a keyword.
4. The naming convention for one word is that is must be a verb.
> 1
Congratulations, have a nice day!
]]></system-out>
  <system-err><![CDATA[]]></system-err>
</testsuite>
